# JRE version: Java(TM) SE Runtime Environment (7.0_67-b01) (build 1.7.0_67-b01)
# Java VM: Java HotSpot(TM) 64-Bit Server VM (24.65-b04 mixed mode linux-amd64 compressed oops)
Heap
 PSYoungGen      total 544768K, used 90087K [0x00000007d0b00000, 0x0000000800000000, 0x0000000800000000)
  eden space 454656K, 0% used [0x00000007d0b00000,0x00000007d0b00000,0x00000007ec700000)
  from space 90112K, 99% used [0x00000007fa800000,0x00000007ffff9f68,0x0000000800000000)
  to   space 160256K, 0% used [0x00000007ec700000,0x00000007ec700000,0x00000007f6380000)
 ParOldGen       total 370688K, used 370468K [0x0000000772200000, 0x0000000788c00000, 0x00000007d0b00000)
  object space 370688K, 99% used [0x0000000772200000,0x0000000788bc9018,0x0000000788c00000)
 PSPermGen       total 38912K, used 19454K [0x000000076d000000, 0x000000076f600000, 0x0000000772200000)
  object space 38912K, 49% used [0x000000076d000000,0x000000076e2ffb88,0x000000076f600000)
GC Heap History (10 events):
Event: 25.747 GC heap after
Heap after GC invocations=13 (full 0):
 PSYoungGen      total 393728K, used 8288K [0x00000007d0b00000, 0x00000007f7780000, 0x0000000800000000)
  eden space 378368K, 0% used [0x00000007d0b00000,0x00000007d0b00000,0x00000007e7c80000)
  from space 15360K, 53% used [0x00000007e7c80000,0x00000007e8498000,0x00000007e8b80000)
  to   space 14848K, 0% used [0x00000007f6900000,0x00000007f6900000,0x00000007f7780000)
 ParOldGen       total 96768K, used 28607K [0x0000000772200000, 0x0000000778080000, 0x00000007d0b00000)
  object space 96768K, 29% used [0x0000000772200000,0x0000000773defff8,0x0000000778080000)
 PSPermGen       total 21504K, used 16736K [0x000000076d000000, 0x000000076e500000, 0x0000000772200000)
  object space 21504K, 77% used [0x000000076d000000,0x000000076e0583d8,0x000000076e500000)
}
Event: 27.587 GC heap before
{Heap before GC invocations=14 (full 0):
 PSYoungGen      total 393728K, used 386656K [0x00000007d0b00000, 0x00000007f7780000, 0x0000000800000000)
  eden space 378368K, 100% used [0x00000007d0b00000,0x00000007e7c80000,0x00000007e7c80000)
  from space 15360K, 53% used [0x00000007e7c80000,0x00000007e8498000,0x00000007e8b80000)
  to   space 14848K, 0% used [0x00000007f6900000,0x00000007f6900000,0x00000007f7780000)
 ParOldGen       total 96768K, used 28607K [0x0000000772200000, 0x0000000778080000, 0x00000007d0b00000)
  object space 96768K, 29% used [0x0000000772200000,0x0000000773defff8,0x0000000778080000)
 PSPermGen       total 21504K, used 16779K [0x000000076d000000, 0x000000076e500000, 0x0000000772200000)
  object space 21504K, 78% used [0x000000076d000000,0x000000076e062c78,0x000000076e500000)
Event: 27.601 GC heap after
Heap after GC invocations=14 (full 0):
 PSYoungGen      total 620544K, used 2992K [0x00000007d0b00000, 0x00000007f7780000, 0x0000000800000000)
  eden space 605696K, 0% used [0x00000007d0b00000,0x00000007d0b00000,0x00000007f5a80000)
  from space 14848K, 20% used [0x00000007f6900000,0x00000007f6bec010,0x00000007f7780000)
  to   space 14848K, 0% used [0x00000007f5a80000,0x00000007f5a80000,0x00000007f6900000)
 ParOldGen       total 96768K, used 29567K [0x0000000772200000, 0x0000000778080000, 0x00000007d0b00000)
  object space 96768K, 30% used [0x0000000772200000,0x0000000773edfff8,0x0000000778080000)
 PSPermGen       total 21504K, used 16779K [0x000000076d000000, 0x000000076e500000, 0x0000000772200000)
  object space 21504K, 78% used [0x000000076d000000,0x000000076e062c78,0x000000076e500000)
}
Event: 44.132 GC heap before
{Heap before GC invocations=15 (full 0):
 PSYoungGen      total 620544K, used 608688K [0x00000007d0b00000, 0x00000007f7780000, 0x0000000800000000)
  eden space 605696K, 100% used [0x00000007d0b00000,0x00000007f5a80000,0x00000007f5a80000)
  from space 14848K, 20% used [0x00000007f6900000,0x00000007f6bec010,0x00000007f7780000)
  to   space 14848K, 0% used [0x00000007f5a80000,0x00000007f5a80000,0x00000007f6900000)
 ParOldGen       total 96768K, used 29567K [0x0000000772200000, 0x0000000778080000, 0x00000007d0b00000)
  object space 96768K, 30% used [0x0000000772200000,0x0000000773edfff8,0x0000000778080000)
 PSPermGen       total 21504K, used 19403K [0x000000076d000000, 0x000000076e500000, 0x0000000772200000)
  object space 21504K, 90% used [0x000000076d000000,0x000000076e2f2dd0,0x000000076e500000)
Event: 44.999 GC heap after
Heap after GC invocations=15 (full 0):
 PSYoungGen      total 620544K, used 14832K [0x00000007d0b00000, 0x0000000800000000, 0x0000000800000000)
  eden space 605696K, 0% used [0x00000007d0b00000,0x00000007d0b00000,0x00000007f5a80000)
  from space 14848K, 99% used [0x00000007f5a80000,0x00000007f68fc040,0x00000007f6900000)
  to   space 90112K, 0% used [0x00000007fa800000,0x00000007fa800000,0x0000000800000000)
 ParOldGen       total 227328K, used 227009K [0x0000000772200000, 0x0000000780000000, 0x00000007d0b00000)
  object space 227328K, 99% used [0x0000000772200000,0x000000077ffb0688,0x0000000780000000)
 PSPermGen       total 21504K, used 19403K [0x000000076d000000, 0x000000076e500000, 0x0000000772200000)
  object space 21504K, 90% used [0x000000076d000000,0x000000076e2f2dd0,0x000000076e500000)
}
Event: 44.999 GC heap before
{Heap before GC invocations=16 (full 1):
 PSYoungGen      total 620544K, used 14832K [0x00000007d0b00000, 0x0000000800000000, 0x0000000800000000)
  eden space 605696K, 0% used [0x00000007d0b00000,0x00000007d0b00000,0x00000007f5a80000)
  from space 14848K, 99% used [0x00000007f5a80000,0x00000007f68fc040,0x00000007f6900000)
  to   space 90112K, 0% used [0x00000007fa800000,0x00000007fa800000,0x0000000800000000)
 ParOldGen       total 227328K, used 227009K [0x0000000772200000, 0x0000000780000000, 0x00000007d0b00000)
  object space 227328K, 99% used [0x0000000772200000,0x000000077ffb0688,0x0000000780000000)
 PSPermGen       total 21504K, used 19403K [0x000000076d000000, 0x000000076e500000, 0x0000000772200000)
  object space 21504K, 90% used [0x000000076d000000,0x000000076e2f2dd0,0x000000076e500000)
Event: 45.490 GC heap after
Heap after GC invocations=16 (full 1):
 PSYoungGen      total 620544K, used 0K [0x00000007d0b00000, 0x0000000800000000, 0x0000000800000000)
  eden space 605696K, 0% used [0x00000007d0b00000,0x00000007d0b00000,0x00000007f5a80000)
  from space 14848K, 0% used [0x00000007f5a80000,0x00000007f5a80000,0x00000007f6900000)
  to   space 90112K, 0% used [0x00000007fa800000,0x00000007fa800000,0x0000000800000000)
 ParOldGen       total 353280K, used 226090K [0x0000000772200000, 0x0000000787b00000, 0x00000007d0b00000)
  object space 353280K, 63% used [0x0000000772200000,0x000000077fecaa10,0x0000000787b00000)
 PSPermGen       total 38912K, used 19392K [0x000000076d000000, 0x000000076f600000, 0x0000000772200000)
  object space 38912K, 49% used [0x000000076d000000,0x000000076e2f02d0,0x000000076f600000)
}
Event: 61.951 GC heap before
{Heap before GC invocations=17 (full 1):
 PSYoungGen      total 620544K, used 605696K [0x00000007d0b00000, 0x0000000800000000, 0x0000000800000000)
  eden space 605696K, 100% used [0x00000007d0b00000,0x00000007f5a80000,0x00000007f5a80000)
  from space 14848K, 0% used [0x00000007f5a80000,0x00000007f5a80000,0x00000007f6900000)
  to   space 90112K, 0% used [0x00000007fa800000,0x00000007fa800000,0x0000000800000000)
 ParOldGen       total 353280K, used 226090K [0x0000000772200000, 0x0000000787b00000, 0x00000007d0b00000)
  object space 353280K, 63% used [0x0000000772200000,0x000000077fecaa10,0x0000000787b00000)
 PSPermGen       total 38912K, used 19454K [0x000000076d000000, 0x000000076f600000, 0x0000000772200000)
  object space 38912K, 49% used [0x000000076d000000,0x000000076e2ffb88,0x000000076f600000)
Event: 62.713 GC heap after
Heap after GC invocations=17 (full 1):
 PSYoungGen      total 544768K, used 90087K [0x00000007d0b00000, 0x0000000800000000, 0x0000000800000000)
  eden space 454656K, 0% used [0x00000007d0b00000,0x00000007d0b00000,0x00000007ec700000)
  from space 90112K, 99% used [0x00000007fa800000,0x00000007ffff9f68,0x0000000800000000)
  to   space 160256K, 0% used [0x00000007ec700000,0x00000007ec700000,0x00000007f6380000)
 ParOldGen       total 370688K, used 370468K [0x0000000772200000, 0x0000000788c00000, 0x00000007d0b00000)
  object space 370688K, 99% used [0x0000000772200000,0x0000000788bc9018,0x0000000788c00000)
 PSPermGen       total 38912K, used 19454K [0x000000076d000000, 0x000000076f600000, 0x0000000772200000)
  object space 38912K, 49% used [0x000000076d000000,0x000000076e2ffb88,0x000000076f600000)
}
Event: 62.713 GC heap before
{Heap before GC invocations=18 (full 2):
 PSYoungGen      total 544768K, used 90087K [0x00000007d0b00000, 0x0000000800000000, 0x0000000800000000)
  eden space 454656K, 0% used [0x00000007d0b00000,0x00000007d0b00000,0x00000007ec700000)
  from space 90112K, 99% used [0x00000007fa800000,0x00000007ffff9f68,0x0000000800000000)
  to   space 160256K, 0% used [0x00000007ec700000,0x00000007ec700000,0x00000007f6380000)
 ParOldGen       total 370688K, used 370468K [0x0000000772200000, 0x0000000788c00000, 0x00000007d0b00000)
  object space 370688K, 99% used [0x0000000772200000,0x0000000788bc9018,0x0000000788c00000)
 PSPermGen       total 38912K, used 19454K [0x000000076d000000, 0x000000076f600000, 0x0000000772200000)
  object space 38912K, 49% used [0x000000076d000000,0x000000076e2ffb88,0x000000076f600000)

